<?xml version="1.0" encoding="UTF-8"?>
<!-- Generated by org.testng.reporters.JUnitReportReporter -->
<testsuite hostname="DELL-PC" failures="0" tests="2" name="testqa.NewTest" time="142.663" errors="0" timestamp="2020-12-28T13:56:30 IST" skipped="0">
  <testcase classname="testqa.NewTest" name="buyerlogin" time="88.038"/>
  <system-out/>
  <testcase classname="testqa.NewTest" name="Creator" time="54.625"/>
  <system-out/>
</testsuite> <!-- testqa.NewTest -->
