<?xml version="1.0" encoding="UTF-8"?>
<!-- Generated by org.testng.reporters.JUnitReportReporter -->
<testsuite hostname="DELL-PC" failures="0" tests="1" name="emailablereport.SendEmailReportSeleniumCases" time="12.041" errors="0" timestamp="2020-12-28T13:56:30 IST" skipped="0">
  <testcase classname="emailablereport.SendEmailReportSeleniumCases" name="f" time="12.041"/>
  <system-out/>
</testsuite> <!-- emailablereport.SendEmailReportSeleniumCases -->
